Traceback (most recent call last):
  File "C:\Users\gianna.milton\AppData\Local\anaconda3\Lib\site-packages\nbclient\client.py", line 778, in _async_poll_for_reply
    msg = await ensure_async(self.kc.shell_channel.get_msg(timeout=new_timeout))
          ^^^^^^^^^^^^^^^^^^^^^^^^^^^^^^^^^^^^^^^^^^^^^^^^^^^^^^^^^^^^^^^^^^^^^^
  File "C:\Users\gianna.milton\AppData\Local\anaconda3\Lib\site-packages\jupyter_core\utils\__init__.py", line 198, in ensure_async
    result = await obj
             ^^^^^^^^^
  File "C:\Users\gianna.milton\AppData\Local\anaconda3\Lib\site-packages\jupyter_client\channels.py", line 315, in get_msg
    raise Empty
_queue.Empty

During handling of the above exception, another exception occurred:

Traceback (most recent call last):
  File "C:\Users\gianna.milton\AppData\Local\anaconda3\Lib\site-packages\jupyter_cache\executors\utils.py", line 58, in single_nb_execution
    executenb(
  File "C:\Users\gianna.milton\AppData\Local\anaconda3\Lib\site-packages\nbclient\client.py", line 1305, in execute
    return NotebookClient(nb=nb, resources=resources, km=km, **kwargs).execute()
           ^^^^^^^^^^^^^^^^^^^^^^^^^^^^^^^^^^^^^^^^^^^^^^^^^^^^^^^^^^^^^^^^^^^^^
  File "C:\Users\gianna.milton\AppData\Local\anaconda3\Lib\site-packages\jupyter_core\utils\__init__.py", line 165, in wrapped
    return loop.run_until_complete(inner)
           ^^^^^^^^^^^^^^^^^^^^^^^^^^^^^^
  File "C:\Users\gianna.milton\AppData\Local\anaconda3\Lib\asyncio\base_events.py", line 687, in run_until_complete
    return future.result()
           ^^^^^^^^^^^^^^^
  File "C:\Users\gianna.milton\AppData\Local\anaconda3\Lib\site-packages\nbclient\client.py", line 705, in async_execute
    await self.async_execute_cell(
  File "C:\Users\gianna.milton\AppData\Local\anaconda3\Lib\site-packages\nbclient\client.py", line 1001, in async_execute_cell
    exec_reply = await self.task_poll_for_reply
                 ^^^^^^^^^^^^^^^^^^^^^^^^^^^^^^
  File "C:\Users\gianna.milton\AppData\Local\anaconda3\Lib\site-packages\nbclient\client.py", line 802, in _async_poll_for_reply
    error_on_timeout_execute_reply = await self._async_handle_timeout(timeout, cell)
                                     ^^^^^^^^^^^^^^^^^^^^^^^^^^^^^^^^^^^^^^^^^^^^^^^
  File "C:\Users\gianna.milton\AppData\Local\anaconda3\Lib\site-packages\nbclient\client.py", line 852, in _async_handle_timeout
    raise CellTimeoutError.error_from_timeout_and_cell(
nbclient.exceptions.CellTimeoutError: A cell timed out while it was being executed, after 30 seconds.
The message was: Cell execution timed out.
Here is a preview of the cell contents:
-------------------
["GoMX1 = pd.read_excel(r'C:\\Users\\gianna.milton\\Documents\\Python\\CDOM\\BCO-DMO\\bottle_data.xlsx')", 'GoMX1[\'time_utc\'] = [f"{int(t):04d}" for t in GoMX1[\'time_utc\']]  #for every row in mtime pad with 0 unitl it\'s 4 numbers long (HH:mm) (i\'m getting rid of seconds fyi)', "GoMX1 = GoMX1.rename(columns={'year_utc': 'year','month_utc': 'month','day_utc': 'day',})", "GoMX1['hour'] = [int(t[:2]) for t in GoMX1['time_utc']]", "GoMX1['minute'] = [int(t[2:4]) for t in GoMX1['time_utc']]"]
...
["rapid['experiment']='RAPID Plankton'", "rapid['source']='BCO-DMO'", "rapid['investigators']='Beth Stauffer'", "rapid['affiliations']='University of Louisiana at Lafayette'", "rapid['url']='https://www.bco-dmo.org/dataset/827969'"]
-------------------

